2025-10-21 16:51:25,545 - INFO - Successfully connected to binance
2025-10-21 16:51:26,095 - INFO - Exchange health check passed
2025-10-21 16:51:26,096 - INFO - Starting data collection for all timeframes with timeframe-specific dates
2025-10-21 16:51:26,096 - INFO - Starting collection for 4h from 2020-03-01T00:00:00Z to 2025-10-19T23:59:59Z
2025-10-21 16:51:26,096 - INFO - Collecting 4h data from 2020-03-01T00:00:00Z to 2025-10-19T23:59:59Z
2025-10-21 16:51:32,409 - INFO - Reached end date
2025-10-21 16:51:32,421 - INFO - Validating 4h data...
2025-10-21 16:51:32,427 - INFO - Data validation completed for 4h
2025-10-21 16:51:32,428 - INFO - Successfully collected 12362 records for 4h
2025-10-21 16:51:32,456 - INFO - Saved 4h data to /Users/al02260279/Documents/private/btc_prediction/data_collection/data/btc_4h_20251021.parquet
2025-10-21 16:51:32,458 - INFO - Quality report saved for 4h
2025-10-21 16:51:32,458 - INFO - Successfully completed 4h
2025-10-21 16:51:32,458 - INFO - Starting collection for 1d from 2020-01-08T00:00:00Z to 2025-10-19T23:59:59Z
2025-10-21 16:51:32,458 - INFO - Collecting 1d data from 2020-01-08T00:00:00Z to 2025-10-19T23:59:59Z
2025-10-21 16:51:33,847 - INFO - Reached end date
2025-10-21 16:51:33,850 - INFO - Validating 1d data...
2025-10-21 16:51:33,854 - INFO - Data validation completed for 1d
2025-10-21 16:51:33,854 - INFO - Successfully collected 2114 records for 1d
2025-10-21 16:51:33,860 - INFO - Saved 1d data to /Users/al02260279/Documents/private/btc_prediction/data_collection/data/btc_1d_20251021.parquet
2025-10-21 16:51:33,862 - INFO - Quality report saved for 1d
2025-10-21 16:51:33,863 - INFO - Successfully completed 1d
2025-10-21 16:51:33,863 - INFO - Starting collection for 1w from 2019-02-11T00:00:00Z to 2025-10-19T23:59:59Z
2025-10-21 16:51:33,863 - INFO - Collecting 1w data from 2019-02-11T00:00:00Z to 2025-10-19T23:59:59Z
2025-10-21 16:51:34,338 - INFO - Reached end date
2025-10-21 16:51:34,340 - INFO - Validating 1w data...
2025-10-21 16:51:34,341 - WARNING - Found 1 extreme price changes in low for 1w
2025-10-21 16:51:34,343 - INFO - Data validation completed for 1w
2025-10-21 16:51:34,343 - INFO - Successfully collected 350 records for 1w
2025-10-21 16:51:34,346 - INFO - Saved 1w data to /Users/al02260279/Documents/private/btc_prediction/data_collection/data/btc_1w_20251021.parquet
2025-10-21 16:51:34,348 - INFO - Quality report saved for 1w
2025-10-21 16:51:34,348 - INFO - Successfully completed 1w
2025-10-21 16:51:34,348 - INFO - Starting collection for 1M from 2018-04-12T00:00:00Z to 2025-10-19T23:59:59Z
2025-10-21 16:51:34,348 - INFO - Collecting 1M data from 2018-04-12T00:00:00Z to 2025-10-19T23:59:59Z
2025-10-21 16:51:35,297 - INFO - No more data available
2025-10-21 16:51:35,298 - INFO - Validating 1M data...
2025-10-21 16:51:35,299 - WARNING - Found 1 extreme price changes in open for 1M
2025-10-21 16:51:35,299 - WARNING - Found 2 extreme price changes in high for 1M
2025-10-21 16:51:35,300 - WARNING - Found 3 extreme price changes in low for 1M
2025-10-21 16:51:35,300 - WARNING - Found 1 extreme price changes in close for 1M
2025-10-21 16:51:35,301 - INFO - Data validation completed for 1M
2025-10-21 16:51:35,301 - INFO - Successfully collected 90 records for 1M
2025-10-21 16:51:35,303 - INFO - Saved 1M data to /Users/al02260279/Documents/private/btc_prediction/data_collection/data/btc_1M_20251021.parquet
2025-10-21 16:51:35,305 - INFO - Quality report saved for 1M
2025-10-21 16:51:35,305 - INFO - Successfully completed 1M
2025-10-21 16:51:35,305 - INFO - Data collection completed:
2025-10-21 16:51:35,305 - INFO -   Successful: 4 timeframes - ['4h', '1d', '1w', '1M']
2025-10-21 16:51:35,332 - INFO - Starting data collection for all timeframes with timeframe-specific dates
2025-10-21 16:51:35,332 - INFO - Starting collection for 4h from 2020-03-01T00:00:00Z to 2025-10-19T23:59:59Z
2025-10-21 16:51:35,332 - INFO - Collecting 4h data from 2020-03-01T00:00:00Z to 2025-10-19T23:59:59Z
2025-10-21 16:51:41,614 - INFO - Reached end date
2025-10-21 16:51:41,622 - INFO - Validating 4h data...
2025-10-21 16:51:41,625 - INFO - Data validation completed for 4h
2025-10-21 16:51:41,625 - INFO - Successfully collected 12362 records for 4h
2025-10-21 16:51:41,637 - INFO - Saved 4h data to /Users/al02260279/Documents/private/btc_prediction/data_collection/data/btc_4h_20251021.parquet
2025-10-21 16:51:41,640 - INFO - Quality report saved for 4h
2025-10-21 16:51:41,640 - INFO - Successfully completed 4h
2025-10-21 16:51:41,640 - INFO - Starting collection for 1d from 2020-01-08T00:00:00Z to 2025-10-19T23:59:59Z
2025-10-21 16:51:41,640 - INFO - Collecting 1d data from 2020-01-08T00:00:00Z to 2025-10-19T23:59:59Z
2025-10-21 16:51:43,049 - INFO - Reached end date
2025-10-21 16:51:43,051 - INFO - Validating 1d data...
2025-10-21 16:51:43,053 - INFO - Data validation completed for 1d
2025-10-21 16:51:43,053 - INFO - Successfully collected 2114 records for 1d
2025-10-21 16:51:43,057 - INFO - Saved 1d data to /Users/al02260279/Documents/private/btc_prediction/data_collection/data/btc_1d_20251021.parquet
2025-10-21 16:51:43,058 - INFO - Quality report saved for 1d
2025-10-21 16:51:43,058 - INFO - Successfully completed 1d
2025-10-21 16:51:43,058 - INFO - Starting collection for 1w from 2019-02-11T00:00:00Z to 2025-10-19T23:59:59Z
2025-10-21 16:51:43,058 - INFO - Collecting 1w data from 2019-02-11T00:00:00Z to 2025-10-19T23:59:59Z
2025-10-21 16:51:43,538 - INFO - Reached end date
2025-10-21 16:51:43,539 - INFO - Validating 1w data...
2025-10-21 16:51:43,540 - WARNING - Found 1 extreme price changes in low for 1w
2025-10-21 16:51:43,541 - INFO - Data validation completed for 1w
2025-10-21 16:51:43,541 - INFO - Successfully collected 350 records for 1w
2025-10-21 16:51:43,543 - INFO - Saved 1w data to /Users/al02260279/Documents/private/btc_prediction/data_collection/data/btc_1w_20251021.parquet
2025-10-21 16:51:43,544 - INFO - Quality report saved for 1w
2025-10-21 16:51:43,544 - INFO - Successfully completed 1w
2025-10-21 16:51:43,544 - INFO - Starting collection for 1M from 2018-04-12T00:00:00Z to 2025-10-19T23:59:59Z
2025-10-21 16:51:43,544 - INFO - Collecting 1M data from 2018-04-12T00:00:00Z to 2025-10-19T23:59:59Z
2025-10-21 16:51:44,496 - INFO - No more data available
2025-10-21 16:51:44,497 - INFO - Validating 1M data...
2025-10-21 16:51:44,498 - WARNING - Found 1 extreme price changes in open for 1M
2025-10-21 16:51:44,499 - WARNING - Found 2 extreme price changes in high for 1M
2025-10-21 16:51:44,499 - WARNING - Found 3 extreme price changes in low for 1M
2025-10-21 16:51:44,499 - WARNING - Found 1 extreme price changes in close for 1M
2025-10-21 16:51:44,500 - INFO - Data validation completed for 1M
2025-10-21 16:51:44,501 - INFO - Successfully collected 90 records for 1M
2025-10-21 16:51:44,503 - INFO - Saved 1M data to /Users/al02260279/Documents/private/btc_prediction/data_collection/data/btc_1M_20251021.parquet
2025-10-21 16:51:44,504 - INFO - Quality report saved for 1M
2025-10-21 16:51:44,504 - INFO - Successfully completed 1M
2025-10-21 16:51:44,504 - INFO - Data collection completed:
2025-10-21 16:51:44,504 - INFO -   Successful: 4 timeframes - ['4h', '1d', '1w', '1M']
