2025-10-22 16:28:38,714 - INFO - Successfully connected to binance
2025-10-22 16:28:39,248 - INFO - Exchange health check passed
2025-10-22 16:28:39,248 - INFO - Starting data collection for all timeframes with timeframe-specific dates
2025-10-22 16:28:39,248 - INFO - Starting collection for 4h from 2020-03-01T00:00:00Z to 2025-10-19T23:59:59Z
2025-10-22 16:28:39,248 - INFO - Collecting 4h data from 2020-03-01T00:00:00Z to 2025-10-19T23:59:59Z
2025-10-22 16:28:45,567 - INFO - Reached end date
2025-10-22 16:28:45,580 - INFO - Validating 4h data...
2025-10-22 16:28:45,587 - INFO - Data validation completed for 4h
2025-10-22 16:28:45,587 - INFO - Successfully collected 12368 records for 4h
2025-10-22 16:28:45,621 - INFO - Saved 4h data to /Users/al02260279/Documents/private/btc_prediction/data_collection/data/btc_4h_20251022.parquet
2025-10-22 16:28:45,623 - INFO - Quality report saved for 4h
2025-10-22 16:28:45,623 - INFO - Successfully completed 4h
2025-10-22 16:28:45,623 - INFO - Starting collection for 1d from 2019-12-08T00:00:00Z to 2025-10-19T23:59:59Z
2025-10-22 16:28:45,623 - INFO - Collecting 1d data from 2019-12-08T00:00:00Z to 2025-10-19T23:59:59Z
2025-10-22 16:28:47,009 - INFO - Reached end date
2025-10-22 16:28:47,012 - INFO - Validating 1d data...
2025-10-22 16:28:47,014 - INFO - Data validation completed for 1d
2025-10-22 16:28:47,015 - INFO - Successfully collected 2146 records for 1d
2025-10-22 16:28:47,020 - INFO - Saved 1d data to /Users/al02260279/Documents/private/btc_prediction/data_collection/data/btc_1d_20251022.parquet
2025-10-22 16:28:47,023 - INFO - Quality report saved for 1d
2025-10-22 16:28:47,023 - INFO - Successfully completed 1d
2025-10-22 16:28:47,023 - INFO - Starting collection for 1w from 2019-02-11T00:00:00Z to 2025-10-19T23:59:59Z
2025-10-22 16:28:47,023 - INFO - Collecting 1w data from 2019-02-11T00:00:00Z to 2025-10-19T23:59:59Z
2025-10-22 16:28:47,509 - INFO - Reached end date
2025-10-22 16:28:47,510 - INFO - Validating 1w data...
2025-10-22 16:28:47,512 - WARNING - Found 1 extreme price changes in low for 1w
2025-10-22 16:28:47,514 - INFO - Data validation completed for 1w
2025-10-22 16:28:47,514 - INFO - Successfully collected 350 records for 1w
2025-10-22 16:28:47,517 - INFO - Saved 1w data to /Users/al02260279/Documents/private/btc_prediction/data_collection/data/btc_1w_20251022.parquet
2025-10-22 16:28:47,519 - INFO - Quality report saved for 1w
2025-10-22 16:28:47,519 - INFO - Successfully completed 1w
2025-10-22 16:28:47,519 - INFO - Starting collection for 1M from 2017-12-01T00:00:00Z to 2025-10-19T23:59:59Z
2025-10-22 16:28:47,519 - INFO - Collecting 1M data from 2017-12-01T00:00:00Z to 2025-10-19T23:59:59Z
2025-10-22 16:28:48,455 - INFO - No more data available
2025-10-22 16:28:48,459 - INFO - Validating 1M data...
2025-10-22 16:28:48,461 - WARNING - Found 1 extreme price changes in open for 1M
2025-10-22 16:28:48,462 - WARNING - Found 2 extreme price changes in high for 1M
2025-10-22 16:28:48,463 - WARNING - Found 3 extreme price changes in low for 1M
2025-10-22 16:28:48,463 - WARNING - Found 1 extreme price changes in close for 1M
2025-10-22 16:28:48,466 - INFO - Data validation completed for 1M
2025-10-22 16:28:48,466 - INFO - Successfully collected 95 records for 1M
2025-10-22 16:28:48,469 - INFO - Saved 1M data to /Users/al02260279/Documents/private/btc_prediction/data_collection/data/btc_1M_20251022.parquet
2025-10-22 16:28:48,472 - INFO - Quality report saved for 1M
2025-10-22 16:28:48,472 - INFO - Successfully completed 1M
2025-10-22 16:28:48,472 - INFO - Data collection completed:
2025-10-22 16:28:48,472 - INFO -   Successful: 4 timeframes - ['4h', '1d', '1w', '1M']
2025-10-22 16:28:48,502 - INFO - Starting data collection for all timeframes with timeframe-specific dates
2025-10-22 16:28:48,502 - INFO - Starting collection for 4h from 2020-03-01T00:00:00Z to 2025-10-19T23:59:59Z
2025-10-22 16:28:48,502 - INFO - Collecting 4h data from 2020-03-01T00:00:00Z to 2025-10-19T23:59:59Z
2025-10-22 16:28:54,784 - INFO - Reached end date
2025-10-22 16:28:54,796 - INFO - Validating 4h data...
2025-10-22 16:28:54,800 - INFO - Data validation completed for 4h
2025-10-22 16:28:54,800 - INFO - Successfully collected 12368 records for 4h
2025-10-22 16:28:54,811 - INFO - Saved 4h data to /Users/al02260279/Documents/private/btc_prediction/data_collection/data/btc_4h_20251022.parquet
2025-10-22 16:28:54,813 - INFO - Quality report saved for 4h
2025-10-22 16:28:54,813 - INFO - Successfully completed 4h
2025-10-22 16:28:54,813 - INFO - Starting collection for 1d from 2019-12-08T00:00:00Z to 2025-10-19T23:59:59Z
2025-10-22 16:28:54,813 - INFO - Collecting 1d data from 2019-12-08T00:00:00Z to 2025-10-19T23:59:59Z
2025-10-22 16:28:56,241 - INFO - Reached end date
2025-10-22 16:28:56,245 - INFO - Validating 1d data...
2025-10-22 16:28:56,250 - INFO - Data validation completed for 1d
2025-10-22 16:28:56,250 - INFO - Successfully collected 2146 records for 1d
2025-10-22 16:28:56,255 - INFO - Saved 1d data to /Users/al02260279/Documents/private/btc_prediction/data_collection/data/btc_1d_20251022.parquet
2025-10-22 16:28:56,258 - INFO - Quality report saved for 1d
2025-10-22 16:28:56,258 - INFO - Successfully completed 1d
2025-10-22 16:28:56,258 - INFO - Starting collection for 1w from 2019-02-11T00:00:00Z to 2025-10-19T23:59:59Z
2025-10-22 16:28:56,259 - INFO - Collecting 1w data from 2019-02-11T00:00:00Z to 2025-10-19T23:59:59Z
2025-10-22 16:28:56,718 - INFO - Reached end date
2025-10-22 16:28:56,719 - INFO - Validating 1w data...
2025-10-22 16:28:56,720 - WARNING - Found 1 extreme price changes in low for 1w
2025-10-22 16:28:56,721 - INFO - Data validation completed for 1w
2025-10-22 16:28:56,721 - INFO - Successfully collected 350 records for 1w
2025-10-22 16:28:56,723 - INFO - Saved 1w data to /Users/al02260279/Documents/private/btc_prediction/data_collection/data/btc_1w_20251022.parquet
2025-10-22 16:28:56,724 - INFO - Quality report saved for 1w
2025-10-22 16:28:56,724 - INFO - Successfully completed 1w
2025-10-22 16:28:56,724 - INFO - Starting collection for 1M from 2017-12-01T00:00:00Z to 2025-10-19T23:59:59Z
2025-10-22 16:28:56,724 - INFO - Collecting 1M data from 2017-12-01T00:00:00Z to 2025-10-19T23:59:59Z
2025-10-22 16:28:57,680 - INFO - No more data available
2025-10-22 16:28:57,682 - INFO - Validating 1M data...
2025-10-22 16:28:57,683 - WARNING - Found 1 extreme price changes in open for 1M
2025-10-22 16:28:57,684 - WARNING - Found 2 extreme price changes in high for 1M
2025-10-22 16:28:57,684 - WARNING - Found 3 extreme price changes in low for 1M
2025-10-22 16:28:57,684 - WARNING - Found 1 extreme price changes in close for 1M
2025-10-22 16:28:57,686 - INFO - Data validation completed for 1M
2025-10-22 16:28:57,686 - INFO - Successfully collected 95 records for 1M
2025-10-22 16:28:57,688 - INFO - Saved 1M data to /Users/al02260279/Documents/private/btc_prediction/data_collection/data/btc_1M_20251022.parquet
2025-10-22 16:28:57,689 - INFO - Quality report saved for 1M
2025-10-22 16:28:57,689 - INFO - Successfully completed 1M
2025-10-22 16:28:57,690 - INFO - Data collection completed:
2025-10-22 16:28:57,690 - INFO -   Successful: 4 timeframes - ['4h', '1d', '1w', '1M']
