2025-10-21 11:38:05,499 - INFO - Successfully connected to binance
2025-10-21 11:38:06,042 - INFO - Exchange health check passed
2025-10-21 11:38:06,042 - INFO - Starting data collection for all timeframes
2025-10-21 11:38:06,042 - INFO - Starting collection for 4h
2025-10-21 11:38:06,042 - INFO - Collecting 4h data from 2020-03-01T00:00:00Z to now
2025-10-21 11:38:12,824 - INFO - No more data available
2025-10-21 11:38:12,830 - INFO - Validating 4h data...
2025-10-21 11:38:12,835 - INFO - Data validation completed for 4h
2025-10-21 11:38:12,835 - INFO - Successfully collected 12361 records for 4h
2025-10-21 11:38:12,854 - INFO - Saved 4h data to /Users/al02260279/Documents/private/btc_prediction/data_collection/data/btc_4h_20251021.parquet
2025-10-21 11:38:12,856 - INFO - Quality report saved for 4h
2025-10-21 11:38:12,856 - INFO - Successfully completed 4h
2025-10-21 11:38:12,856 - INFO - Starting collection for 1d
2025-10-21 11:38:12,856 - INFO - Collecting 1d data from 2020-03-01T00:00:00Z to now
2025-10-21 11:38:14,757 - INFO - No more data available
2025-10-21 11:38:14,760 - INFO - Validating 1d data...
2025-10-21 11:38:14,764 - INFO - Data validation completed for 1d
2025-10-21 11:38:14,764 - INFO - Successfully collected 2061 records for 1d
2025-10-21 11:38:14,769 - INFO - Saved 1d data to /Users/al02260279/Documents/private/btc_prediction/data_collection/data/btc_1d_20251021.parquet
2025-10-21 11:38:14,770 - INFO - Quality report saved for 1d
2025-10-21 11:38:14,770 - INFO - Successfully completed 1d
2025-10-21 11:38:14,770 - INFO - Starting collection for 1w
2025-10-21 11:38:14,770 - INFO - Collecting 1w data from 2020-03-01T00:00:00Z to now
2025-10-21 11:38:15,721 - INFO - No more data available
2025-10-21 11:38:15,722 - INFO - Validating 1w data...
2025-10-21 11:38:15,723 - WARNING - Found 1 extreme price changes in low for 1w
2025-10-21 11:38:15,723 - INFO - Data validation completed for 1w
2025-10-21 11:38:15,723 - INFO - Successfully collected 295 records for 1w
2025-10-21 11:38:15,725 - INFO - Saved 1w data to /Users/al02260279/Documents/private/btc_prediction/data_collection/data/btc_1w_20251021.parquet
2025-10-21 11:38:15,728 - INFO - Quality report saved for 1w
2025-10-21 11:38:15,728 - INFO - Successfully completed 1w
2025-10-21 11:38:15,728 - INFO - Starting collection for 1M
2025-10-21 11:38:15,728 - INFO - Collecting 1M data from 2020-03-01T00:00:00Z to now
2025-10-21 11:38:16,692 - INFO - No more data available
2025-10-21 11:38:16,694 - INFO - Validating 1M data...
2025-10-21 11:38:16,695 - WARNING - Found 2 extreme price changes in low for 1M
2025-10-21 11:38:16,697 - INFO - Data validation completed for 1M
2025-10-21 11:38:16,697 - INFO - Successfully collected 68 records for 1M
2025-10-21 11:38:16,705 - INFO - Saved 1M data to /Users/al02260279/Documents/private/btc_prediction/data_collection/data/btc_1M_20251021.parquet
2025-10-21 11:38:16,707 - INFO - Quality report saved for 1M
2025-10-21 11:38:16,707 - INFO - Successfully completed 1M
2025-10-21 11:38:16,707 - INFO - Data collection completed:
2025-10-21 11:38:16,707 - INFO -   Successful: 4 timeframes - ['4h', '1d', '1w', '1M']
2025-10-21 11:38:16,731 - INFO - Starting data collection for all timeframes
2025-10-21 11:38:16,731 - INFO - Starting collection for 4h
2025-10-21 11:38:16,731 - INFO - Collecting 4h data from 2020-03-01T00:00:00Z to now
2025-10-21 11:38:23,466 - INFO - No more data available
2025-10-21 11:38:23,472 - INFO - Validating 4h data...
2025-10-21 11:38:23,475 - INFO - Data validation completed for 4h
2025-10-21 11:38:23,475 - INFO - Successfully collected 12361 records for 4h
2025-10-21 11:38:23,484 - INFO - Saved 4h data to /Users/al02260279/Documents/private/btc_prediction/data_collection/data/btc_4h_20251021.parquet
2025-10-21 11:38:23,486 - INFO - Quality report saved for 4h
2025-10-21 11:38:23,486 - INFO - Successfully completed 4h
2025-10-21 11:38:23,486 - INFO - Starting collection for 1d
2025-10-21 11:38:23,486 - INFO - Collecting 1d data from 2020-03-01T00:00:00Z to now
2025-10-21 11:38:25,405 - INFO - No more data available
2025-10-21 11:38:25,406 - INFO - Validating 1d data...
2025-10-21 11:38:25,409 - INFO - Data validation completed for 1d
2025-10-21 11:38:25,409 - INFO - Successfully collected 2061 records for 1d
2025-10-21 11:38:25,412 - INFO - Saved 1d data to /Users/al02260279/Documents/private/btc_prediction/data_collection/data/btc_1d_20251021.parquet
2025-10-21 11:38:25,414 - INFO - Quality report saved for 1d
2025-10-21 11:38:25,414 - INFO - Successfully completed 1d
2025-10-21 11:38:25,414 - INFO - Starting collection for 1w
2025-10-21 11:38:25,414 - INFO - Collecting 1w data from 2020-03-01T00:00:00Z to now
2025-10-21 11:38:26,375 - INFO - No more data available
2025-10-21 11:38:26,376 - INFO - Validating 1w data...
2025-10-21 11:38:26,377 - WARNING - Found 1 extreme price changes in low for 1w
2025-10-21 11:38:26,378 - INFO - Data validation completed for 1w
2025-10-21 11:38:26,378 - INFO - Successfully collected 295 records for 1w
2025-10-21 11:38:26,379 - INFO - Saved 1w data to /Users/al02260279/Documents/private/btc_prediction/data_collection/data/btc_1w_20251021.parquet
2025-10-21 11:38:26,381 - INFO - Quality report saved for 1w
2025-10-21 11:38:26,381 - INFO - Successfully completed 1w
2025-10-21 11:38:26,381 - INFO - Starting collection for 1M
2025-10-21 11:38:26,381 - INFO - Collecting 1M data from 2020-03-01T00:00:00Z to now
2025-10-21 11:38:27,346 - INFO - No more data available
2025-10-21 11:38:27,347 - INFO - Validating 1M data...
2025-10-21 11:38:27,349 - WARNING - Found 2 extreme price changes in low for 1M
2025-10-21 11:38:27,350 - INFO - Data validation completed for 1M
2025-10-21 11:38:27,351 - INFO - Successfully collected 68 records for 1M
2025-10-21 11:38:27,353 - INFO - Saved 1M data to /Users/al02260279/Documents/private/btc_prediction/data_collection/data/btc_1M_20251021.parquet
2025-10-21 11:38:27,355 - INFO - Quality report saved for 1M
2025-10-21 11:38:27,355 - INFO - Successfully completed 1M
2025-10-21 11:38:27,355 - INFO - Data collection completed:
2025-10-21 11:38:27,355 - INFO -   Successful: 4 timeframes - ['4h', '1d', '1w', '1M']
