2025-10-20 18:35:50,894 - INFO - Successfully connected to binance
2025-10-20 18:35:51,430 - INFO - Exchange health check passed
2025-10-20 18:35:51,430 - INFO - Starting data collection for all timeframes
2025-10-20 18:35:51,430 - INFO - Starting collection for 4h
2025-10-20 18:35:51,430 - INFO - Collecting 4h data from 2020-05-12T00:00:00Z to now
2025-10-20 18:35:57,710 - INFO - No more data available
2025-10-20 18:35:57,720 - INFO - Validating 4h data...
2025-10-20 18:35:57,726 - INFO - Data validation completed for 4h
2025-10-20 18:35:57,726 - INFO - Successfully collected 11925 records for 4h
2025-10-20 18:35:58,928 - INFO - Saved 4h data to /Users/al02260279/Documents/private/btc_prediction/data_collection/data/btc_4h_20251020.parquet
2025-10-20 18:35:58,932 - INFO - Quality report saved for 4h
2025-10-20 18:35:58,932 - INFO - Successfully completed 4h
2025-10-20 18:35:58,932 - INFO - Starting collection for 1d
2025-10-20 18:35:58,932 - INFO - Collecting 1d data from 2020-05-12T00:00:00Z to now
2025-10-20 18:35:59,945 - INFO - No more data available
2025-10-20 18:35:59,947 - INFO - Validating 1d data...
2025-10-20 18:35:59,948 - INFO - Data validation completed for 1d
2025-10-20 18:35:59,948 - INFO - Successfully collected 1988 records for 1d
2025-10-20 18:35:59,953 - INFO - Saved 1d data to /Users/al02260279/Documents/private/btc_prediction/data_collection/data/btc_1d_20251020.parquet
2025-10-20 18:35:59,955 - INFO - Quality report saved for 1d
2025-10-20 18:35:59,955 - INFO - Successfully completed 1d
2025-10-20 18:35:59,955 - INFO - Starting collection for 1w
2025-10-20 18:35:59,955 - INFO - Collecting 1w data from 2020-05-12T00:00:00Z to now
2025-10-20 18:36:00,924 - INFO - No more data available
2025-10-20 18:36:00,925 - INFO - Validating 1w data...
2025-10-20 18:36:00,926 - INFO - Data validation completed for 1w
2025-10-20 18:36:00,926 - INFO - Successfully collected 284 records for 1w
2025-10-20 18:36:00,930 - INFO - Saved 1w data to /Users/al02260279/Documents/private/btc_prediction/data_collection/data/btc_1w_20251020.parquet
2025-10-20 18:36:00,932 - INFO - Quality report saved for 1w
2025-10-20 18:36:00,932 - INFO - Successfully completed 1w
2025-10-20 18:36:00,932 - INFO - Data collection completed:
2025-10-20 18:36:00,932 - INFO -   Successful: 3 timeframes - ['4h', '1d', '1w']
2025-10-20 18:36:03,157 - INFO - Starting data collection for all timeframes
2025-10-20 18:36:03,157 - INFO - Starting collection for 4h
2025-10-20 18:36:03,157 - INFO - Collecting 4h data from 2020-05-12T00:00:00Z to now
2025-10-20 18:36:09,016 - INFO - No more data available
2025-10-20 18:36:09,022 - INFO - Validating 4h data...
2025-10-20 18:36:09,025 - INFO - Data validation completed for 4h
2025-10-20 18:36:09,025 - INFO - Successfully collected 11925 records for 4h
2025-10-20 18:36:09,032 - INFO - Saved 4h data to /Users/al02260279/Documents/private/btc_prediction/data_collection/data/btc_4h_20251020.parquet
2025-10-20 18:36:09,034 - INFO - Quality report saved for 4h
2025-10-20 18:36:09,034 - INFO - Successfully completed 4h
2025-10-20 18:36:09,034 - INFO - Starting collection for 1d
2025-10-20 18:36:09,034 - INFO - Collecting 1d data from 2020-05-12T00:00:00Z to now
2025-10-20 18:36:10,468 - INFO - No more data available
2025-10-20 18:36:10,470 - INFO - Validating 1d data...
2025-10-20 18:36:10,472 - INFO - Data validation completed for 1d
2025-10-20 18:36:10,472 - INFO - Successfully collected 1988 records for 1d
2025-10-20 18:36:10,476 - INFO - Saved 1d data to /Users/al02260279/Documents/private/btc_prediction/data_collection/data/btc_1d_20251020.parquet
2025-10-20 18:36:10,478 - INFO - Quality report saved for 1d
2025-10-20 18:36:10,478 - INFO - Successfully completed 1d
2025-10-20 18:36:10,478 - INFO - Starting collection for 1w
2025-10-20 18:36:10,478 - INFO - Collecting 1w data from 2020-05-12T00:00:00Z to now
2025-10-20 18:36:11,437 - INFO - No more data available
2025-10-20 18:36:11,439 - INFO - Validating 1w data...
2025-10-20 18:36:11,443 - INFO - Data validation completed for 1w
2025-10-20 18:36:11,443 - INFO - Successfully collected 284 records for 1w
2025-10-20 18:36:11,447 - INFO - Saved 1w data to /Users/al02260279/Documents/private/btc_prediction/data_collection/data/btc_1w_20251020.parquet
2025-10-20 18:36:11,450 - INFO - Quality report saved for 1w
2025-10-20 18:36:11,450 - INFO - Successfully completed 1w
2025-10-20 18:36:11,450 - INFO - Data collection completed:
2025-10-20 18:36:11,450 - INFO -   Successful: 3 timeframes - ['4h', '1d', '1w']
